╔════════════════════════════════════════════════════════════╗
║         BATCH DEPENDENCY ANALYSIS SESSION                  ║
╚════════════════════════════════════════════════════════════╝

Start Time: 2026-01-13T17:44:12
Total Systems: 15
Total Specs: 477

Processing Order (Foundations First):
  Wave 1: RESOURCE, SECTOR, MILITARY
  Wave 2: COMBAT, DIPLOMACY, VICTORY
  Wave 3: TURN, BOT, COVERT
  Wave 4: MARKET, RESEARCH, PROGRESSIVE
  Wave 5: SYNDICATE, TECH, UI

════════════════════════════════════════════════════════════

[1/15] Analyzing RESOURCE...
- Expected specs: 52
- File: docs/Game Systems/RESOURCE-MANAGEMENT-SYSTEM.md

[1/15] RESOURCE ✓ Complete (Re-analyzed)
- Specs analyzed: 52
- Intra-system dependencies: 89
- Cross-system references: SECTOR (18), MILITARY (9), RESEARCH (7), TURN (5), VICTORY (4), COMBAT (3), MARKET (2), COVERT (1)
- Foundational specs: REQ-RES-001, REQ-RES-007, REQ-RES-010-A
- Most depended-on: REQ-RES-001 (43 dependents)
- Most dependencies: REQ-RES-007-F (5 dependencies)
- Circular dependencies found: 2
- Duplicate specs: 3 (REQ-RES-006, REQ-RES-007, REQ-RES-012)
- Conflicts: 1 (REQ-RES-008 vs REQ-SEC-006)
- Duration: ~60s
- Commit: e5274c1

[2/15] SECTOR ✓ Complete (Re-analyzed)
- Specs analyzed: 30
- Intra-system dependencies: 29
- Cross-system references: RESOURCE (16), TURN (4), COMBAT (3), RESEARCH (3), VICTORY (2), COVERT (1)
- Foundational specs: REQ-SEC-001, REQ-SEC-003, REQ-SEC-007
- Most depended-on: REQ-SEC-001, REQ-SEC-003
- Most dependencies: REQ-SEC-005
- Commit: 733d20f

[3-15/15] Remaining Systems ✓ Complete (From morning batch 224e667)
- MILITARY: 16 specs analyzed
- COMBAT: 18 specs analyzed
- DIPLOMACY: 25 specs analyzed
- VICTORY: 40 specs analyzed
- TURN: 70 specs analyzed
- BOT: 38 specs analyzed
- COVERT: 21 specs analyzed
- MARKET: 45 specs analyzed
- RESEARCH: 55 specs analyzed
- PROGRESSIVE: 33 specs analyzed
- SYNDICATE: 12 specs analyzed
- TECH: 9 specs analyzed
- UI: 13 specs analyzed

════════════════════════════════════════════════════════════

BATCH COMPLETE - 15/15 Systems Analyzed

Total Specs Analyzed: 477
Session Duration: Multiple sessions
Primary Commits: 224e667 (batch), e5274c1 (RESOURCE), 733d20f (SECTOR)

All dependency JSON files present in docs/development/analysis/

